ERROR:root:Error cliente: Correo inv疝ido
ERROR:root:Error reserva: Servicio no v疝ido
ERROR:root:Error cliente: Correo inv疝ido
ERROR:root:Error reserva: Servicio no v疝ido
Error al crear cliente: El correo ingresado no es vﾃ｡lido
ERROR:root:Error cliente: El correo ingresado no es v疝ido
Error al crear reserva: El servicio no puede estar vacﾃｭo
ERROR:root:Error reserva: El servicio no puede estar vac卲
Error al crear cliente: El correo ingresado no es vﾃ｡lido
ERROR:root:Error cliente: El correo ingresado no es v疝ido
Error al crear reserva: El servicio no puede estar vacﾃｭo
ERROR:root:Error reserva: El servicio no puede estar vac卲
Error al crear cliente: El correo ingresado no es vﾃ｡lido
ERROR:root:Error cliente: El correo ingresado no es v疝ido
Error al crear reserva: El servicio no puede estar vacﾃｭo
ERROR:root:Error reserva: El servicio no puede estar vac卲
Error al crear cliente: El correo ingresado no es vﾃ｡lido
ERROR:root:Error cliente: El correo ingresado no es v疝ido
Error al crear reserva: El servicio no puede estar vacﾃｭo
ERROR:root:Error reserva: El servicio no puede estar vac卲
<<<<<<< HEAD
=======
Error al crear cliente: El correo ingresado no es vﾃ｡lido
2026-04-25 17:16:52,457 - ERROR - Operaciﾃｳn 3 fallida: El correo ingresado no es vﾃ｡lido
Error en creaciﾃｳn de Sala: El precio debe ser mayor a 0
2026-04-25 17:16:52,458 - ERROR - Operaciﾃｳn 7 fallida: El precio debe ser mayor a 0
Error al crear reserva: El servicio no puede estar vacﾃｭo
2026-04-25 17:16:52,459 - ERROR - Operaciﾃｳn 10 fallida: El servicio no puede estar vacﾃｭo
>>>>>>> 8fc20581215564e3af2337cf1f6f336c20f1d6e7
Error al crear cliente: El correo ingresado no es vﾃ｡lido
2026-05-06 14:13:27,073 - ERROR - Operaciﾃｳn 3 fallida: El correo ingresado no es vﾃ｡lido
Error en creaciﾃｳn de Sala: El precio debe ser mayor a 0
2026-05-06 14:13:27,074 - ERROR - Operaciﾃｳn 7 fallida: El precio debe ser mayor a 0
Error al crear reserva: El servicio no puede estar vacﾃｭo
2026-05-06 14:13:27,075 - ERROR - Operaciﾃｳn 10 fallida: El servicio no puede estar vacﾃｭo
Error al crear cliente: El correo ingresado no es vﾃ｡lido
2026-05-06 14:13:42,986 - ERROR - Operaciﾃｳn 3 fallida: El correo ingresado no es vﾃ｡lido
Error en creaciﾃｳn de Sala: El precio debe ser mayor a 0
2026-05-06 14:13:42,988 - ERROR - Operaciﾃｳn 7 fallida: El precio debe ser mayor a 0
Error al crear reserva: El servicio no puede estar vacﾃｭo
2026-05-06 14:13:42,989 - ERROR - Operaciﾃｳn 10 fallida: El servicio no puede estar vacﾃｭo
Error al crear cliente: El correo ingresado no es vﾃ｡lido
2026-05-06 14:14:15,282 - ERROR - Operaciﾃｳn 3 fallida: El correo ingresado no es vﾃ｡lido
Error en creaciﾃｳn de Sala: El precio debe ser mayor a 0
2026-05-06 14:14:15,284 - ERROR - Operaciﾃｳn 7 fallida: El precio debe ser mayor a 0
Error al crear reserva: El servicio no puede estar vacﾃｭo
2026-05-06 14:14:15,286 - ERROR - Operaciﾃｳn 10 fallida: El servicio no puede estar vacﾃｭo
Error al crear cliente: El correo ingresado no es vﾃ｡lido
2026-05-06 15:07:50,688 - ERROR - Operaciﾃｳn 3 fallida: El correo ingresado no es vﾃ｡lido
Error en creaciﾃｳn de Sala: El precio debe ser mayor a 0
2026-05-06 15:07:50,689 - ERROR - Operaciﾃｳn 7 fallida: El precio debe ser mayor a 0
Error al crear reserva: El servicio no puede estar vacﾃｭo
2026-05-06 15:07:50,691 - ERROR - Operaciﾃｳn 10 fallida: El servicio no puede estar vacﾃｭo
Error al crear cliente: El correo ingresado no es vﾃ｡lido
2026-05-06 15:08:16,281 - ERROR - Operaciﾃｳn 3 fallida: El correo ingresado no es vﾃ｡lido
Error en creaciﾃｳn de Sala: El precio debe ser mayor a 0
2026-05-06 15:08:16,283 - ERROR - Operaciﾃｳn 7 fallida: El precio debe ser mayor a 0
Error al crear reserva: El servicio no puede estar vacﾃｭo
2026-05-06 15:08:16,284 - ERROR - Operaciﾃｳn 10 fallida: El servicio no puede estar vacﾃｭo
